Watching for file changes with StatReloader
Watching for file changes with StatReloader
Watching for file changes with StatReloader
Watching for file changes with StatReloader
Watching for file changes with StatReloader
[02/Dec/2019 17:02:59] "POST /getActivityList/ HTTP/1.0" 200 1253
[02/Dec/2019 17:03:05] "POST /getActivityInfo/ HTTP/1.0" 200 445
[02/Dec/2019 17:03:25] "POST /purchaseTicket/ HTTP/1.0" 200 122
Building prefix dict from the default dictionary ...
Loading model from cache /tmp/jieba.cache
Loading model cost 0.700 seconds.
Prefix dict has been built succesfully.
[02/Dec/2019 17:03:28] "POST /searchEngine/ HTTP/1.0" 200 497
[02/Dec/2019 17:04:42] "POST /purchaseTicket/ HTTP/1.0" 200 122
Invalid HTTP_HOST header: '_'. The domain name provided is not valid according to RFC 1034/1035.
Bad Request: /
[02/Dec/2019 17:06:38] "GET / HTTP/1.0" 400 60300
Not Found: /
[02/Dec/2019 17:33:09] "GET / HTTP/1.0" 404 3288
[02/Dec/2019 17:55:57] "POST /init/ HTTP/1.0" 200 72
